Error in <TNetXNGFile::Open>: [ERROR] Server responded with an error: [3022] Invalid argument

Error in <TNetXNGFile::Open>: [ERROR] Server responded with an error: [3022] Invalid argument

Error in <TNetXNGFile::Open>: [ERROR] Server responded with an error: [3022] Invalid argument

Error in <TNetXNGFile::Open>: [ERROR] Server responded with an error: [3022] Invalid argument

Error in <TNetXNGFile::Open>: [ERROR] Server responded with an error: [3022] Invalid argument

Warning in <TClass::Init>: no dictionary for class edm::Hash<1> is available
Warning in <TClass::Init>: no dictionary for class edm::ProcessHistory is available
Warning in <TClass::Init>: no dictionary for class edm::ProcessConfiguration is available
Warning in <TClass::Init>: no dictionary for class edm::ParameterSetBlob is available
Warning in <TClass::Init>: no dictionary for class __pair_base<edm::Hash<1>,edm::ParameterSetBlob> is available
Warning in <TClass::Init>: no dictionary for class pair<edm::Hash<1>,edm::ParameterSetBlob> is available
Error in <TNetXNGFile::Open>: [ERROR] Server responded with an error: [3022] Invalid argument

Error in <TNetXNGFile::Open>: [ERROR] Server responded with an error: [3022] Invalid argument

Error in <TNetXNGFile::Open>: [ERROR] Server responded with an error: [3022] Invalid argument

Error in <TNetXNGFile::Open>: [ERROR] Server responded with an error: [3022] Invalid argument

Warning in <TClass::Init>: no dictionary for class edm::Hash<1> is available
Warning in <TClass::Init>: no dictionary for class edm::ProcessHistory is available
Warning in <TClass::Init>: no dictionary for class edm::ProcessConfiguration is available
Warning in <TClass::Init>: no dictionary for class edm::ParameterSetBlob is available
Warning in <TClass::Init>: no dictionary for class __pair_base<edm::Hash<1>,edm::ParameterSetBlob> is available
Warning in <TClass::Init>: no dictionary for class pair<edm::Hash<1>,edm::ParameterSetBlob> is available
Error in <TNetXNGFile::Open>: [ERROR] Server responded with an error: [3022] Invalid argument

210824 07:00:20 134 secgsi_GetCACheck: CRL entry for '14e86c33.0:1' needs refreshing: clean the related entry cache first (0x2ba7bc1d05a0)
210824 11:46:44 134 secgsi_GetCACheck: CRL entry for '530f7122.0:1' needs refreshing: clean the related entry cache first (0x2ba7bc028bc0)
210824 12:04:43 134 secgsi_GetCACheck: CRL entry for '8a21c0da.0:1' needs refreshing: clean the related entry cache first (0x2ba7bc1de5f0)
Warning in <TClass::Init>: no dictionary for class edm::Hash<1> is available
Warning in <TClass::Init>: no dictionary for class edm::ProcessHistory is available
Warning in <TClass::Init>: no dictionary for class edm::ProcessConfiguration is available
Warning in <TClass::Init>: no dictionary for class edm::ParameterSetBlob is available
Warning in <TClass::Init>: no dictionary for class __pair_base<edm::Hash<1>,edm::ParameterSetBlob> is available
Warning in <TClass::Init>: no dictionary for class pair<edm::Hash<1>,edm::ParameterSetBlob> is available
Warning in <TClass::Init>: no dictionary for class edm::Hash<1> is available
Warning in <TClass::Init>: no dictionary for class edm::ProcessHistory is available
Warning in <TClass::Init>: no dictionary for class edm::ProcessConfiguration is available
Warning in <TClass::Init>: no dictionary for class edm::ParameterSetBlob is available
Warning in <TClass::Init>: no dictionary for class __pair_base<edm::Hash<1>,edm::ParameterSetBlob> is available
Warning in <TClass::Init>: no dictionary for class pair<edm::Hash<1>,edm::ParameterSetBlob> is available
Error in <TNetXNGFile::Open>: [ERROR] Server responded with an error: [3022] Invalid argument

Error in <TNetXNGFile::Open>: [ERROR] Server responded with an error: [3006] tried hosts option not supported.

Error in <TNetXNGFile::Open>: [ERROR] Server responded with an error: [3022] Invalid argument

Error in <TNetXNGFile::Open>: [ERROR] Server responded with an error: [3022] Invalid argument

210824 07:32:12 134 secgsi_GetCACheck: CRL entry for '14e86c33.0:1' needs refreshing: clean the related entry cache first (0x2b05801e1670)
210824 07:47:24 134 secgsi_GetCACheck: CRL entry for 'dd4b34ea.0:1' needs refreshing: clean the related entry cache first (0x2b05802040b0)
Warning in <TClass::Init>: no dictionary for class edm::Hash<1> is available
Warning in <TClass::Init>: no dictionary for class edm::ProcessHistory is available
Warning in <TClass::Init>: no dictionary for class edm::ProcessConfiguration is available
Warning in <TClass::Init>: no dictionary for class edm::ParameterSetBlob is available
Warning in <TClass::Init>: no dictionary for class pair<edm::Hash<1>,edm::ParameterSetBlob> is available
Error in <TNetXNGFile::Open>: [ERROR] Server responded with an error: [3006] tried hosts option not supported.

Error in <TNetXNGFile::Open>: [ERROR] Server responded with an error: [3006] tried hosts option not supported.

Warning in <TClass::Init>: no dictionary for class edm::Hash<1> is available
Warning in <TClass::Init>: no dictionary for class edm::ProcessHistory is available
Warning in <TClass::Init>: no dictionary for class edm::ProcessConfiguration is available
Warning in <TClass::Init>: no dictionary for class edm::ParameterSetBlob is available
Warning in <TClass::Init>: no dictionary for class pair<edm::Hash<1>,edm::ParameterSetBlob> is available
Warning in <TClass::Init>: no dictionary for class edm::Hash<1> is available
Warning in <TClass::Init>: no dictionary for class edm::ProcessHistory is available
Warning in <TClass::Init>: no dictionary for class edm::ProcessConfiguration is available
Warning in <TClass::Init>: no dictionary for class edm::ParameterSetBlob is available
Warning in <TClass::Init>: no dictionary for class __pair_base<edm::Hash<1>,edm::ParameterSetBlob> is available
Warning in <TClass::Init>: no dictionary for class pair<edm::Hash<1>,edm::ParameterSetBlob> is available
Error in <TNetXNGFile::Open>: [ERROR] Server responded with an error: [3022] Invalid argument

Error in <TNetXNGFile::Open>: [ERROR] Server responded with an error: [3022] Invalid argument

Warning in <TClass::Init>: no dictionary for class edm::Hash<1> is available
Warning in <TClass::Init>: no dictionary for class edm::ProcessHistory is available
Warning in <TClass::Init>: no dictionary for class edm::ProcessConfiguration is available
Warning in <TClass::Init>: no dictionary for class edm::ParameterSetBlob is available
Warning in <TClass::Init>: no dictionary for class __pair_base<edm::Hash<1>,edm::ParameterSetBlob> is available
Warning in <TClass::Init>: no dictionary for class pair<edm::Hash<1>,edm::ParameterSetBlob> is available
Error in <TNetXNGFile::Open>: [ERROR] Server responded with an error: [3022] Invalid argument

Error in <TNetXNGFile::Open>: [ERROR] Server responded with an error: [3022] Invalid argument

Error in <TNetXNGFile::Open>: [ERROR] Server responded with an error: [3022] Invalid argument

Error in <TNetXNGFile::Open>: [ERROR] Server responded with an error: [3006] tried hosts option not supported.

Error in <TNetXNGFile::ReadBuffer>: [ERROR] Invalid session
Error in <TKey::ReadFile>: Failed to read data.
Error in <TChain::LoadTree>: Cannot find tree with name Events in file root://cms-xrd-global.cern.ch//store/mc/RunIISummer20UL18NanoAODv9/WJetsToLNu_HT-600To800_TuneCP5_13TeV-madgraphMLM-pythia8/NANOAODSIM/106X_upgrade2018_realistic_v16_L1v1-v1/70000/F80004DC-62B7-BA43-8670-D34B05501D27.root
Error in <TNetXNGFile::Close>: [ERROR] Invalid session
Error in <TNetXNGFile::Open>: [ERROR] Server responded with an error: [3022] Invalid argument

Error in <TNetXNGFile::Open>: [ERROR] Server responded with an error: [3022] Invalid argument

Error in <TNetXNGFile::Open>: [ERROR] Server responded with an error: [3022] Invalid argument

210824 08:00:47 134 secgsi_GetCACheck: CRL entry for '14e86c33.0:1' needs refreshing: clean the related entry cache first (0x2b2810497b80)
210824 09:17:21 134 secgsi_GetCACheck: CRL entry for 'c141eb07.0:1' needs refreshing: clean the related entry cache first (0x2b2810487980)
210824 13:08:12 134 secgsi_GetCACheck: CRL entry for 'dd4b34ea.0:1' needs refreshing: clean the related entry cache first (0x2b28101d8bb0)
210824 13:12:02 134 secgsi_GetCACheck: CRL entry for '530f7122.0:1' needs refreshing: clean the related entry cache first (0x2b2810004cd0)
Warning in <TClass::Init>: no dictionary for class edm::Hash<1> is available
Warning in <TClass::Init>: no dictionary for class edm::ProcessHistory is available
Warning in <TClass::Init>: no dictionary for class edm::ProcessConfiguration is available
Warning in <TClass::Init>: no dictionary for class edm::ParameterSetBlob is available
Warning in <TClass::Init>: no dictionary for class __pair_base<edm::Hash<1>,edm::ParameterSetBlob> is available
Warning in <TClass::Init>: no dictionary for class pair<edm::Hash<1>,edm::ParameterSetBlob> is available
Warning in <TClass::Init>: no dictionary for class edm::Hash<1> is available
Warning in <TClass::Init>: no dictionary for class edm::ProcessHistory is available
Warning in <TClass::Init>: no dictionary for class edm::ProcessConfiguration is available
Warning in <TClass::Init>: no dictionary for class edm::ParameterSetBlob is available
Warning in <TClass::Init>: no dictionary for class __pair_base<edm::Hash<1>,edm::ParameterSetBlob> is available
Warning in <TClass::Init>: no dictionary for class pair<edm::Hash<1>,edm::ParameterSetBlob> is available
210824 08:56:12 134 secgsi_GetCACheck: CRL entry for '8a21c0da.0:1' needs refreshing: clean the related entry cache first (0x2ba3a80540f0)
Warning in <TClass::Init>: no dictionary for class edm::Hash<1> is available
Warning in <TClass::Init>: no dictionary for class edm::ProcessHistory is available
Warning in <TClass::Init>: no dictionary for class edm::ProcessConfiguration is available
Warning in <TClass::Init>: no dictionary for class edm::ParameterSetBlob is available
Warning in <TClass::Init>: no dictionary for class pair<edm::Hash<1>,edm::ParameterSetBlob> is available
Warning in <TClass::Init>: no dictionary for class edm::Hash<1> is available
Warning in <TClass::Init>: no dictionary for class edm::ProcessHistory is available
Warning in <TClass::Init>: no dictionary for class edm::ProcessConfiguration is available
Warning in <TClass::Init>: no dictionary for class edm::ParameterSetBlob is available
Warning in <TClass::Init>: no dictionary for class __pair_base<edm::Hash<1>,edm::ParameterSetBlob> is available
Warning in <TClass::Init>: no dictionary for class pair<edm::Hash<1>,edm::ParameterSetBlob> is available
210824 11:34:05 134 secgsi_GetCACheck: CRL entry for '14e86c33.0:1' needs refreshing: clean the related entry cache first (0x2b0290004ca0)
Warning in <TClass::Init>: no dictionary for class edm::Hash<1> is available
Warning in <TClass::Init>: no dictionary for class edm::ProcessHistory is available
Warning in <TClass::Init>: no dictionary for class edm::ProcessConfiguration is available
Warning in <TClass::Init>: no dictionary for class edm::ParameterSetBlob is available
Warning in <TClass::Init>: no dictionary for class __pair_base<edm::Hash<1>,edm::ParameterSetBlob> is available
Warning in <TClass::Init>: no dictionary for class pair<edm::Hash<1>,edm::ParameterSetBlob> is available
210824 07:39:38 134 secgsi_GetCACheck: CRL entry for '14e86c33.0:1' needs refreshing: clean the related entry cache first (0x2b94c8028cc0)
210824 19:51:34 134 secgsi_GetCACheck: CRL entry for '7ecb2657.0:1' needs refreshing: clean the related entry cache first (0x2b94c8078620)
210824 19:51:34 134 secgsi_GetCACheck: CRL entry for 'dd4b34ea.0:1' needs refreshing: clean the related entry cache first (0x2b94c816e090)
210824 20:25:49 134 secgsi_GetCACheck: CRL entry for 'ffc3d59b.0:1' needs refreshing: clean the related entry cache first (0x2b94c8261b70)
210824 23:48:23 134 secgsi_GetCACheck: CRL entry for 'c141eb07.0:1' needs refreshing: clean the related entry cache first (0x2b94c80508e0)
210825 03:24:16 134 secgsi_GetCACheck: CRL entry for '5e02f50a.0:1' needs refreshing: clean the related entry cache first (0x2b94c8046270)
Error in <TNetXNGFile::Open>: [ERROR] Server responded with an error: [3022] Invalid argument

Warning in <TClass::Init>: no dictionary for class edm::Hash<1> is available
Warning in <TClass::Init>: no dictionary for class edm::ProcessHistory is available
Warning in <TClass::Init>: no dictionary for class edm::ProcessConfiguration is available
Warning in <TClass::Init>: no dictionary for class edm::ParameterSetBlob is available
Warning in <TClass::Init>: no dictionary for class __pair_base<edm::Hash<1>,edm::ParameterSetBlob> is available
Warning in <TClass::Init>: no dictionary for class pair<edm::Hash<1>,edm::ParameterSetBlob> is available
210824 07:33:13 134 secgsi_GetCACheck: CRL entry for '633dc6a4.0:1' needs refreshing: clean the related entry cache first (0x2b6554153860)
210824 13:23:25 134 secgsi_GetCACheck: CRL entry for '530f7122.0:1' needs refreshing: clean the related entry cache first (0x2b655415d070)
210825 14:46:35 134 secgsi_GetCACheck: CRL entry for '8a21c0da.0:1' needs refreshing: clean the related entry cache first (0x2b6554028df0)
210825 17:13:48 134 secgsi_GetCACheck: CRL entry for '633dc6a4.0:1' needs refreshing: clean the related entry cache first (0x2b6554153860)
Warning in <TClass::Init>: no dictionary for class edm::Hash<1> is available
Warning in <TClass::Init>: no dictionary for class edm::ProcessHistory is available
Warning in <TClass::Init>: no dictionary for class edm::ProcessConfiguration is available
Warning in <TClass::Init>: no dictionary for class edm::ParameterSetBlob is available
Warning in <TClass::Init>: no dictionary for class __pair_base<edm::Hash<1>,edm::ParameterSetBlob> is available
Warning in <TClass::Init>: no dictionary for class pair<edm::Hash<1>,edm::ParameterSetBlob> is available
Error in <TNetXNGFile::Open>: [ERROR] Server responded with an error: [3022] Invalid argument

Error in <TNetXNGFile::Open>: [ERROR] Server responded with an error: [3022] Invalid argument

Error in <TNetXNGFile::Open>: [ERROR] Server responded with an error: [3022] Invalid argument

210824 10:47:42 134 secgsi_GetCACheck: CRL entry for 'c141eb07.0:1' needs refreshing: clean the related entry cache first (0x2b4ba02d41b0)
210824 13:33:14 134 secgsi_GetCACheck: CRL entry for 'dd4b34ea.0:1' needs refreshing: clean the related entry cache first (0x2b4ba01d6b30)
210824 13:57:32 134 secgsi_GetCACheck: CRL entry for '7ecb2657.0:1' needs refreshing: clean the related entry cache first (0x2b4ba02f2260)
210824 15:53:50 134 secgsi_GetCACheck: CRL entry for '530f7122.0:1' needs refreshing: clean the related entry cache first (0x2b4ba00010f0)
210824 19:26:29 134 secgsi_GetCACheck: CRL entry for '14e86c33.0:1' needs refreshing: clean the related entry cache first (0x2b4ba02d7db0)
210824 20:46:36 134 secgsi_GetCACheck: CRL entry for '5e02f50a.0:1' needs refreshing: clean the related entry cache first (0x2b4ba0028d00)
Warning in <TClass::Init>: no dictionary for class edm::Hash<1> is available
Warning in <TClass::Init>: no dictionary for class edm::ProcessHistory is available
Warning in <TClass::Init>: no dictionary for class edm::ProcessConfiguration is available
Warning in <TClass::Init>: no dictionary for class edm::ParameterSetBlob is available
Warning in <TClass::Init>: no dictionary for class __pair_base<edm::Hash<1>,edm::ParameterSetBlob> is available
Warning in <TClass::Init>: no dictionary for class pair<edm::Hash<1>,edm::ParameterSetBlob> is available
Error in <TNetXNGFile::Open>: [ERROR] Server responded with an error: [3022] Invalid argument

Error in <TNetXNGFile::Open>: [ERROR] Server responded with an error: [3022] Invalid argument

Error in <TNetXNGFile::Open>: [ERROR] Server responded with an error: [3022] Invalid argument

Error in <TNetXNGFile::Open>: [ERROR] Server responded with an error: [3022] Invalid argument

Error in <TNetXNGFile::Open>: [ERROR] Server responded with an error: [3022] Invalid argument

Error in <TNetXNGFile::Open>: [ERROR] Server responded with an error: [3022] Invalid argument

Error in <TNetXNGFile::Open>: [ERROR] Server responded with an error: [3022] Invalid argument

Error in <TNetXNGFile::Open>: [ERROR] Server responded with an error: [3022] Invalid argument

Error in <TNetXNGFile::Open>: [ERROR] Server responded with an error: [3022] Invalid argument

Error in <TNetXNGFile::Open>: [ERROR] Server responded with an error: [3022] Invalid argument

Error in <TNetXNGFile::Open>: [ERROR] Server responded with an error: [3022] Invalid argument

Error in <TNetXNGFile::Open>: [ERROR] Server responded with an error: [3022] Invalid argument

Error in <TNetXNGFile::Open>: [ERROR] Server responded with an error: [3022] Invalid argument

Error in <TNetXNGFile::Open>: [ERROR] Server responded with an error: [3022] Invalid argument

Error in <TNetXNGFile::Open>: [ERROR] Server responded with an error: [3022] Invalid argument

Error in <TNetXNGFile::Open>: [ERROR] Server responded with an error: [3022] Invalid argument

210827 22:45:59 134 secgsi_GetCACheck: CRL entry for '8a21c0da.0:1' needs refreshing: clean the related entry cache first (0x2b681c4f35d0)
210828 03:12:02 134 secgsi_GetCACheck: CRL entry for 'dd4b34ea.0:1' needs refreshing: clean the related entry cache first (0x2b681c028cc0)
210828 12:59:47 134 secgsi_GetCACheck: CRL entry for '14e86c33.0:1' needs refreshing: clean the related entry cache first (0x2b681c189280)
210829 08:46:00 134 secgsi_GetCACheck: CRL entry for '8a21c0da.0:1' needs refreshing: clean the related entry cache first (0x2b681c4f35d0)
210829 14:34:52 134 secgsi_GetCACheck: CRL entry for '14e86c33.0:1' needs refreshing: clean the related entry cache first (0x2b681c189280)
Warning in <TClass::Init>: no dictionary for class edm::EventAuxiliary is available
Warning in <TClass::Init>: no dictionary for class edm::Hash<2> is available
Warning in <TClass::Init>: no dictionary for class edm::EventID is available
Warning in <TClass::Init>: no dictionary for class edm::Timestamp is available
Warning in <TClass::Init>: no dictionary for class edm::LuminosityBlockAuxiliary is available
Warning in <TClass::Init>: no dictionary for class edm::LuminosityBlockID is available
Warning in <TClass::Init>: no dictionary for class edm::RunAuxiliary is available
Warning in <TClass::Init>: no dictionary for class edm::RunID is available
Warning in <TClass::Init>: no dictionary for class edm::Wrapper<GenEventInfoProduct> is available
Warning in <TClass::Init>: no dictionary for class edm::WrapperBase is available
Warning in <TClass::Init>: no dictionary for class edm::ViewTypeChecker is available
Warning in <TClass::Init>: no dictionary for class GenEventInfoProduct is available
Warning in <TClass::Init>: no dictionary for class gen::PdfInfo is available
Warning in <TClass::Init>: no dictionary for class edm::Wrapper<ROOT::Math::PositionVector3D<ROOT::Math::Cartesian3D<float>,ROOT::Math::DefaultCoordinateSystemTag> > is available
Warning in <TClass::Init>: no dictionary for class edm::Wrapper<edm::HepMCProduct> is available
Warning in <TClass::Init>: no dictionary for class edm::HepMCProduct is available
Warning in <TClass::TClass>: no dictionary for class HepMC::GenEvent is available
Warning in <TClass::TClass>: no dictionary for class HepMC::GenVertex is available
Warning in <TClass::Init>: no dictionary for class HepMC::FourVector is available
Warning in <TClass::Init>: no dictionary for class HepMC::WeightContainer is available
Warning in <TClass::TClass>: no dictionary for class HepMC::GenParticle is available
Warning in <TClass::TClass>: no dictionary for class HepMC::Flow is available
Warning in <TClass::Init>: no dictionary for class HepMC::Polarization is available
Warning in <TClass::Init>: no dictionary for class HepMC::GenCrossSection is available
Warning in <TClass::Init>: no dictionary for class HepMC::HeavyIon is available
Warning in <TClass::Init>: no dictionary for class HepMC::PdfInfo is available
Warning in <TClass::Init>: no dictionary for class edm::Wrapper<edm::RandomEngineStates> is available
Warning in <TClass::Init>: no dictionary for class edm::RandomEngineStates is available
Warning in <TClass::Init>: no dictionary for class edm::Wrapper<edm::TriggerResults> is available
Warning in <TClass::Init>: no dictionary for class edm::TriggerResults is available
Warning in <TClass::Init>: no dictionary for class edm::HLTGlobalStatus is available
Warning in <TClass::Init>: no dictionary for class edm::DoNotRecordParents is available
Warning in <TClass::Init>: no dictionary for class edm::Wrapper<float> is available
Warning in <TClass::Init>: no dictionary for class edm::Wrapper<vector<int> > is available
Warning in <TClass::Init>: no dictionary for class edm::Wrapper<vector<reco::GenJet> > is available
Warning in <TClass::Init>: no dictionary for class edm::Wrapper<vector<reco::GenMET> > is available
Warning in <TClass::Init>: no dictionary for class edm::Wrapper<vector<reco::GenParticle> > is available
Warning in <TClass::Init>: no dictionary for class edm::Wrapper<GenFilterInfo> is available
Warning in <TClass::Init>: no dictionary for class GenFilterInfo is available
Warning in <TClass::Init>: no dictionary for class edm::Wrapper<GenLumiInfoHeader> is available
Warning in <TClass::Init>: no dictionary for class GenLumiInfoHeader is available
Warning in <TClass::Init>: no dictionary for class edm::Wrapper<GenLumiInfoProduct> is available
Warning in <TClass::Init>: no dictionary for class GenLumiInfoProduct is available
Warning in <TClass::Init>: no dictionary for class edm::Wrapper<MEtoEDM<Long64_t> > is available
Warning in <TClass::Init>: no dictionary for class edm::Wrapper<MEtoEDM<TH1D> > is available
Warning in <TClass::Init>: no dictionary for class edm::Wrapper<MEtoEDM<TH1F> > is available
Warning in <TClass::Init>: no dictionary for class edm::Wrapper<MEtoEDM<TH1S> > is available
Warning in <TClass::Init>: no dictionary for class edm::Wrapper<MEtoEDM<TH2D> > is available
Warning in <TClass::Init>: no dictionary for class edm::Wrapper<MEtoEDM<TH2F> > is available
Warning in <TClass::Init>: no dictionary for class edm::Wrapper<MEtoEDM<TH2S> > is available
Warning in <TClass::Init>: no dictionary for class edm::Wrapper<MEtoEDM<TH3F> > is available
Warning in <TClass::Init>: no dictionary for class edm::Wrapper<MEtoEDM<TProfile2D> > is available
Warning in <TClass::Init>: no dictionary for class edm::Wrapper<MEtoEDM<TProfile> > is available
Warning in <TClass::Init>: no dictionary for class edm::Wrapper<MEtoEDM<TString> > is available
Warning in <TClass::Init>: no dictionary for class edm::Wrapper<MEtoEDM<double> > is available
Warning in <TClass::Init>: no dictionary for class edm::Wrapper<GenRunInfoProduct> is available
Warning in <TClass::Init>: no dictionary for class GenRunInfoProduct is available
Warning in <TClass::Init>: no dictionary for class GenRunInfoProduct::XSec is available
Warning in <TClass::Init>: no dictionary for class edm::StoredProductProvenance is available
Warning in <TClass::Init>: no dictionary for class edm::HLTPathStatus is available
Warning in <TClass::Init>: no dictionary for class reco::GenJet is available
Warning in <TClass::Init>: no dictionary for class reco::Jet is available
Warning in <TClass::Init>: no dictionary for class reco::CompositePtrCandidate is available
Warning in <TClass::Init>: no dictionary for class reco::LeafCandidate is available
Warning in <TClass::Init>: no dictionary for class reco::Candidate is available
Warning in <TClass::Init>: no dictionary for class reco::ParticleState is available
Warning in <TClass::Init>: no dictionary for class edm::Ptr<reco::Candidate> is available
Warning in <TClass::Init>: no dictionary for class reco::GenJet::Specific is available
Warning in <TClass::Init>: no dictionary for class reco::GenMET is available
Warning in <TClass::Init>: no dictionary for class reco::MET is available
Warning in <TClass::Init>: no dictionary for class reco::RecoCandidate is available
Warning in <TClass::Init>: no dictionary for class SpecificGenMETData is available
Warning in <TClass::Init>: no dictionary for class reco::GenParticle is available
Warning in <TClass::Init>: no dictionary for class reco::CompositeRefCandidateT<edm::RefVector<vector<reco::GenParticle>,reco::GenParticle,edm::refhelper::FindUsingAdvance<vector<reco::GenParticle>,reco::GenParticle> > > is available
Warning in <TClass::Init>: no dictionary for class edm::RefVector<vector<reco::GenParticle>,reco::GenParticle,edm::refhelper::FindUsingAdvance<vector<reco::GenParticle>,reco::GenParticle> > is available
Warning in <TClass::Init>: no dictionary for class edm::RefVectorBase<unsigned int> is available
Warning in <TClass::Init>: no dictionary for class edm::RefVectorMemberPointersHolder is available
Warning in <TClass::Init>: no dictionary for class reco::GenStatusFlags is available
Warning in <TClass::Init>: no dictionary for class GenLumiInfoProduct::ProcessInfo is available
Warning in <TClass::Init>: no dictionary for class GenLumiInfoProduct::XSec is available
Warning in <TClass::Init>: no dictionary for class GenLumiInfoProduct::FinalStat is available
Warning in <TClass::Init>: no dictionary for class edm::FileFormatVersion is available
Warning in <TClass::Init>: no dictionary for class edm::FileID is available
Warning in <TClass::Init>: no dictionary for class edm::IndexIntoFile is available
Warning in <TClass::Init>: no dictionary for class edm::IndexIntoFile::RunOrLumiEntry is available
Warning in <TClass::Init>: no dictionary for class edm::StoredMergeableRunProductMetadata is available
Warning in <TClass::Init>: no dictionary for class edm::ProductRegistry is available
Warning in <TClass::Init>: no dictionary for class edm::BranchKey is available
Warning in <TClass::Init>: no dictionary for class edm::BranchDescription is available
Warning in <TClass::Init>: no dictionary for class edm::BranchID is available
Warning in <TClass::Init>: no dictionary for class edm::Parentage is available
Warning in <TClass::Init>: no dictionary for class edm::ThinnedAssociationsHelper is available
Warning in <TClass::Init>: no dictionary for class edm::BranchChildren is available
Warning in <TClass::Init>: no dictionary for class auto_ptr<gen::PdfInfo> is available
Warning in <TClass::Init>: no dictionary for class edm::Wrapper<vector<PCaloHit> > is available
Warning in <TClass::Init>: no dictionary for class edm::Wrapper<vector<PSimHit> > is available
Warning in <TClass::Init>: no dictionary for class edm::Wrapper<vector<SimTrack> > is available
Warning in <TClass::Init>: no dictionary for class edm::Wrapper<vector<SimVertex> > is available
Warning in <TClass::Init>: no dictionary for class MEtoEDM<Long64_t> is available
Warning in <TClass::Init>: no dictionary for class MEtoEDM<TH1D> is available
Warning in <TClass::Init>: no dictionary for class MEtoEDM<TH1F> is available
Warning in <TClass::Init>: no dictionary for class MEtoEDM<TH1S> is available
Warning in <TClass::Init>: no dictionary for class MEtoEDM<TH2D> is available
Warning in <TClass::Init>: no dictionary for class MEtoEDM<TH2F> is available
Warning in <TClass::Init>: no dictionary for class MEtoEDM<TH2S> is available
Warning in <TClass::Init>: no dictionary for class MEtoEDM<TH3F> is available
Warning in <TClass::Init>: no dictionary for class MEtoEDM<TProfile2D> is available
Warning in <TClass::Init>: no dictionary for class MEtoEDM<TProfile> is available
Warning in <TClass::Init>: no dictionary for class MEtoEDM<TString> is available
Warning in <TClass::Init>: no dictionary for class MEtoEDM<double> is available
Warning in <TClass::Init>: no dictionary for class PCaloHit is available
Warning in <TClass::Init>: no dictionary for class EncodedEventId is available
Warning in <TClass::Init>: no dictionary for class PSimHit is available
Warning in <TClass::Init>: no dictionary for class Point3DBase<float,LocalTag> is available
Warning in <TClass::Init>: no dictionary for class PV3DBase<float,PointTag,LocalTag> is available
Warning in <TClass::Init>: no dictionary for class Basic3DVector<float> is available
Warning in <TClass::Init>: no dictionary for class Vector3DBase<float,LocalTag> is available
Warning in <TClass::Init>: no dictionary for class PV3DBase<float,VectorTag,LocalTag> is available
Warning in <TClass::Init>: no dictionary for class SimTrack is available
Warning in <TClass::Init>: no dictionary for class CoreSimTrack is available
Warning in <TClass::Init>: no dictionary for class SimVertex is available
Warning in <TClass::Init>: no dictionary for class CoreSimVertex is available
Warning in <TClass::Init>: no dictionary for class edm::StoredMergeableRunProductMetadata::SingleRunEntry is available
Warning in <TClass::Init>: no dictionary for class edm::StoredMergeableRunProductMetadata::SingleRunEntryAndProcess is available
Error in <TTree::SetBranchStatus>: unknown branch -> MET_pt
Error in <TTree::SetBranchStatus>: unknown branch -> MET_phi
Error in <TTree::SetBranchStatus>: unknown branch -> Electron_phi
Error in <TTree::SetBranchStatus>: unknown branch -> Electron_pt
Error in <TTree::SetBranchStatus>: unknown branch -> Electron_mass
Error in <TTree::SetBranchStatus>: unknown branch -> Electron_eta
Error in <TTree::SetBranchStatus>: unknown branch -> nElectron
Error in <TTree::SetBranchStatus>: unknown branch -> Electron_charge
Error in <TTree::SetBranchStatus>: unknown branch -> nMuon
Error in <TTree::SetBranchStatus>: unknown branch -> nJet
Error in <TTree::SetBranchStatus>: unknown branch -> Muon_eta
Error in <TTree::SetBranchStatus>: unknown branch -> Muon_pt
Error in <TTree::SetBranchStatus>: unknown branch -> Muon_phi
Error in <TTree::SetBranchStatus>: unknown branch -> Muon_mass
Error in <TTree::SetBranchStatus>: unknown branch -> Muon_charge
Error in <TTree::SetBranchStatus>: unknown branch -> Jet_partonFlavour
Error in <TTree::SetBranchStatus>: unknown branch -> Jet_btagCSVV2
Error in <TTree::SetBranchStatus>: unknown branch -> Jet_btagDeepB
Error in <TTree::SetBranchStatus>: unknown branch -> Jet_eta
Error in <TTree::SetBranchStatus>: unknown branch -> Jet_pt
Error in <TTree::SetBranchStatus>: unknown branch -> Jet_phi
Error in <TTree::SetBranchStatus>: unknown branch -> Jet_mass

 *** Break *** segmentation violation



===========================================================
There was a crash.
This is the entire stack trace of all threads:
===========================================================

Thread 6 (Thread 0x2b6817a49700 (LWP 134)):
#0  0x00002b6807e39fd3 in epoll_wait () from /lib64/libc.so.6
#1  0x00002b681687a702 in XrdSys::IOEvents::PollE::Begin (this=0x1eeae30, syncsem=<optimized out>, retcode=<optimized out>, eTxt=<optimized out>) at /mnt/build/jenkins/ws/BUILDTYPE/Release/LABEL/ROOT-centos7/V/6-18/build/XROOTD-prefix/src/XROOTD/src/./XrdSys/XrdSysIOEventsPollE.icc:213
#2  0x00002b681687715d in XrdSys::IOEvents::BootStrap::Start (parg=0x7ffdc8339110) at /mnt/build/jenkins/ws/BUILDTYPE/Release/LABEL/ROOT-centos7/V/6-18/build/XROOTD-prefix/src/XROOTD/src/XrdSys/XrdSysIOEvents.cc:131
#3  0x00002b681687f7d7 in XrdSysThread_Xeq (myargs=0x2839590) at /mnt/build/jenkins/ws/BUILDTYPE/Release/LABEL/ROOT-centos7/V/6-18/build/XROOTD-prefix/src/XROOTD/src/XrdSys/XrdSysPthread.cc:86
#4  0x00002b6807b26ea5 in start_thread () from /lib64/libpthread.so.0
#5  0x00002b6807e399fd in clone () from /lib64/libc.so.6

Thread 5 (Thread 0x2b6817c4a700 (LWP 135)):
#0  0x00002b6807e00549 in waitpid () from /lib64/libc.so.6
#1  0x00002b6807d7df62 in do_system () from /lib64/libc.so.6
#2  0x00002b6807d7e311 in system () from /lib64/libc.so.6
#3  0x00002b6806f850c4 in TUnixSystem::StackTrace() () from /cvmfs/sft.cern.ch/lcg/app/releases/ROOT/6.18.04/x86_64-centos7-gcc48-opt/lib/libCore.so.6.18
#4  0x00002b6806f877fc in TUnixSystem::DispatchSignals(ESignals) () from /cvmfs/sft.cern.ch/lcg/app/releases/ROOT/6.18.04/x86_64-centos7-gcc48-opt/lib/libCore.so.6.18
#5  <signal handler called>
#6  0x00002b6807b28ef3 in pthread_mutex_trylock () from /lib64/libpthread.so.0
#7  0x00002b6816e14f31 in CondLock (this=0x0) at /mnt/build/jenkins/ws/BUILDTYPE/Release/LABEL/ROOT-centos7/V/6-18/build/XROOTD-prefix/src/XROOTD/src/./XrdSys/XrdSysPthread.hh:170
#8  XrdCl::FileStateHandler::Tick (this=0x0, now=1630246434) at /mnt/build/jenkins/ws/BUILDTYPE/Release/LABEL/ROOT-centos7/V/6-18/build/XROOTD-prefix/src/XROOTD/src/XrdCl/XrdClFileStateHandler.cc:1509
#9  0x00002b6816e4b2bc in XrdCl::FileTimer::Run (this=0x249d330, now=1630246434) at /mnt/build/jenkins/ws/BUILDTYPE/Release/LABEL/ROOT-centos7/V/6-18/build/XROOTD-prefix/src/XROOTD/src/XrdCl/XrdClFileTimer.cc:34
#10 0x00002b6816dedffd in XrdCl::TaskManager::RunTasks (this=0x2822930) at /mnt/build/jenkins/ws/BUILDTYPE/Release/LABEL/ROOT-centos7/V/6-18/build/XROOTD-prefix/src/XROOTD/src/XrdCl/XrdClTaskManager.cc:221
#11 0x00002b6816dee1d9 in RunRunnerThread (arg=<optimized out>) at /mnt/build/jenkins/ws/BUILDTYPE/Release/LABEL/ROOT-centos7/V/6-18/build/XROOTD-prefix/src/XROOTD/src/XrdCl/XrdClTaskManager.cc:37
#12 0x00002b6807b26ea5 in start_thread () from /lib64/libpthread.so.0
#13 0x00002b6807e399fd in clone () from /lib64/libc.so.6

Thread 4 (Thread 0x2b6817e4b700 (LWP 136)):
#0  0x00002b6807e33d19 in syscall () from /lib64/libc.so.6
#1  0x00002b6816e4afc0 in Wait (this=0x26e40d0) at /mnt/build/jenkins/ws/BUILDTYPE/Release/LABEL/ROOT-centos7/V/6-18/build/XROOTD-prefix/src/XROOTD/src/./XrdSys/XrdSysLinuxSemaphore.hh:161
#2  Get (this=0x2823978) at /mnt/build/jenkins/ws/BUILDTYPE/Release/LABEL/ROOT-centos7/V/6-18/build/XROOTD-prefix/src/XROOTD/src/./XrdCl/XrdClSyncQueue.hh:67
#3  XrdCl::JobManager::RunJobs (this=0x2823960) at /mnt/build/jenkins/ws/BUILDTYPE/Release/LABEL/ROOT-centos7/V/6-18/build/XROOTD-prefix/src/XROOTD/src/XrdCl/XrdClJobManager.cc:146
#4  0x00002b6816e4b159 in RunRunnerThread (arg=<optimized out>) at /mnt/build/jenkins/ws/BUILDTYPE/Release/LABEL/ROOT-centos7/V/6-18/build/XROOTD-prefix/src/XROOTD/src/XrdCl/XrdClJobManager.cc:33
#5  0x00002b6807b26ea5 in start_thread () from /lib64/libpthread.so.0
#6  0x00002b6807e399fd in clone () from /lib64/libc.so.6

Thread 3 (Thread 0x2b681804c700 (LWP 137)):
#0  0x00002b6807e33d19 in syscall () from /lib64/libc.so.6
#1  0x00002b6816e4afc0 in Wait (this=0x26e40d0) at /mnt/build/jenkins/ws/BUILDTYPE/Release/LABEL/ROOT-centos7/V/6-18/build/XROOTD-prefix/src/XROOTD/src/./XrdSys/XrdSysLinuxSemaphore.hh:161
#2  Get (this=0x2823978) at /mnt/build/jenkins/ws/BUILDTYPE/Release/LABEL/ROOT-centos7/V/6-18/build/XROOTD-prefix/src/XROOTD/src/./XrdCl/XrdClSyncQueue.hh:67
#3  XrdCl::JobManager::RunJobs (this=0x2823960) at /mnt/build/jenkins/ws/BUILDTYPE/Release/LABEL/ROOT-centos7/V/6-18/build/XROOTD-prefix/src/XROOTD/src/XrdCl/XrdClJobManager.cc:146
#4  0x00002b6816e4b159 in RunRunnerThread (arg=<optimized out>) at /mnt/build/jenkins/ws/BUILDTYPE/Release/LABEL/ROOT-centos7/V/6-18/build/XROOTD-prefix/src/XROOTD/src/XrdCl/XrdClJobManager.cc:33
#5  0x00002b6807b26ea5 in start_thread () from /lib64/libpthread.so.0
#6  0x00002b6807e399fd in clone () from /lib64/libc.so.6

Thread 2 (Thread 0x2b681824d700 (LWP 138)):
#0  0x00002b6807e33d19 in syscall () from /lib64/libc.so.6
#1  0x00002b6816e4afc0 in Wait (this=0x26e40d0) at /mnt/build/jenkins/ws/BUILDTYPE/Release/LABEL/ROOT-centos7/V/6-18/build/XROOTD-prefix/src/XROOTD/src/./XrdSys/XrdSysLinuxSemaphore.hh:161
#2  Get (this=0x2823978) at /mnt/build/jenkins/ws/BUILDTYPE/Release/LABEL/ROOT-centos7/V/6-18/build/XROOTD-prefix/src/XROOTD/src/./XrdCl/XrdClSyncQueue.hh:67
#3  XrdCl::JobManager::RunJobs (this=0x2823960) at /mnt/build/jenkins/ws/BUILDTYPE/Release/LABEL/ROOT-centos7/V/6-18/build/XROOTD-prefix/src/XROOTD/src/XrdCl/XrdClJobManager.cc:146
#4  0x00002b6816e4b159 in RunRunnerThread (arg=<optimized out>) at /mnt/build/jenkins/ws/BUILDTYPE/Release/LABEL/ROOT-centos7/V/6-18/build/XROOTD-prefix/src/XROOTD/src/XrdCl/XrdClJobManager.cc:33
#5  0x00002b6807b26ea5 in start_thread () from /lib64/libpthread.so.0
#6  0x00002b6807e399fd in clone () from /lib64/libc.so.6

Thread 1 (Thread 0x2b68068403c0 (LWP 110)):
#0  0x00002b6807dcaaa0 in __memset_sse2 () from /lib64/libc.so.6
#1  0x00002b680917aac9 in int TStreamerInfoActions::VectorLooper::ReadCollectionBasicType<unsigned int>(TBuffer&, void*, TStreamerInfoActions::TConfiguration const*) () from /cvmfs/sft.cern.ch/lcg/app/releases/ROOT/6.18.04/x86_64-centos7-gcc48-opt/lib/libRIO.so
#2  0x00002b68090692e5 in TBufferFile::ApplySequence(TStreamerInfoActions::TActionSequence const&, void*) () from /cvmfs/sft.cern.ch/lcg/app/releases/ROOT/6.18.04/x86_64-centos7-gcc48-opt/lib/libRIO.so
#3  0x00002b6809067d7b in TBufferFile::ReadClassBuffer(TClass const*, void*, TClass const*) () from /cvmfs/sft.cern.ch/lcg/app/releases/ROOT/6.18.04/x86_64-centos7-gcc48-opt/lib/libRIO.so
#4  0x00002b68092a2a60 in int TStreamerInfo::ReadBuffer<char**>(TBuffer&, char** const&, TStreamerInfo::TCompInfo* const*, int, int, int, int, int) () from /cvmfs/sft.cern.ch/lcg/app/releases/ROOT/6.18.04/x86_64-centos7-gcc48-opt/lib/libRIO.so
#5  0x00002b680910f29d in TStreamerInfoActions::GenericReadAction(TBuffer&, void*, TStreamerInfoActions::TConfiguration const*) () from /cvmfs/sft.cern.ch/lcg/app/releases/ROOT/6.18.04/x86_64-centos7-gcc48-opt/lib/libRIO.so
#6  0x00002b68090692e5 in TBufferFile::ApplySequence(TStreamerInfoActions::TActionSequence const&, void*) () from /cvmfs/sft.cern.ch/lcg/app/releases/ROOT/6.18.04/x86_64-centos7-gcc48-opt/lib/libRIO.so
#7  0x00002b6809067d7b in TBufferFile::ReadClassBuffer(TClass const*, void*, TClass const*) () from /cvmfs/sft.cern.ch/lcg/app/releases/ROOT/6.18.04/x86_64-centos7-gcc48-opt/lib/libRIO.so
#8  0x00002b68092a2a60 in int TStreamerInfo::ReadBuffer<char**>(TBuffer&, char** const&, TStreamerInfo::TCompInfo* const*, int, int, int, int, int) () from /cvmfs/sft.cern.ch/lcg/app/releases/ROOT/6.18.04/x86_64-centos7-gcc48-opt/lib/libRIO.so
#9  0x00002b68092a27c9 in int TStreamerInfo::ReadBuffer<char**>(TBuffer&, char** const&, TStreamerInfo::TCompInfo* const*, int, int, int, int, int) () from /cvmfs/sft.cern.ch/lcg/app/releases/ROOT/6.18.04/x86_64-centos7-gcc48-opt/lib/libRIO.so
#10 0x00002b6809146d09 in TStreamerInfoActions::VectorLooper::ReadBase(TBuffer&, void*, void const*, TStreamerInfoActions::TLoopConfiguration const*, TStreamerInfoActions::TConfiguration const*) () from /cvmfs/sft.cern.ch/lcg/app/releases/ROOT/6.18.04/x86_64-centos7-gcc48-opt/lib/libRIO.so
#11 0x00002b68090683ec in TBufferFile::ApplySequence(TStreamerInfoActions::TActionSequence const&, void*, void*) () from /cvmfs/sft.cern.ch/lcg/app/releases/ROOT/6.18.04/x86_64-centos7-gcc48-opt/lib/libRIO.so
#12 0x00002b680919a089 in int TStreamerInfoActions::ReadSTL<&TStreamerInfoActions::ReadSTLMemberWiseSameClass, &TStreamerInfoActions::ReadSTLObjectWiseFastArray>(TBuffer&, void*, TStreamerInfoActions::TConfiguration const*) () from /cvmfs/sft.cern.ch/lcg/app/releases/ROOT/6.18.04/x86_64-centos7-gcc48-opt/lib/libRIO.so
#13 0x00002b68090692e5 in TBufferFile::ApplySequence(TStreamerInfoActions::TActionSequence const&, void*) () from /cvmfs/sft.cern.ch/lcg/app/releases/ROOT/6.18.04/x86_64-centos7-gcc48-opt/lib/libRIO.so
#14 0x00002b6813dd8d09 in TBranchElement::ReadLeavesMember(TBuffer&) () from /cvmfs/sft.cern.ch/lcg/app/releases/ROOT/6.18.04/x86_64-centos7-gcc48-opt/lib/libTree.so.6.18.04
#15 0x00002b6813dd3971 in TBranch::GetEntry(long long, int) () from /cvmfs/sft.cern.ch/lcg/app/releases/ROOT/6.18.04/x86_64-centos7-gcc48-opt/lib/libTree.so.6.18.04
#16 0x00002b6813de2138 in TBranchElement::GetEntry(long long, int) () from /cvmfs/sft.cern.ch/lcg/app/releases/ROOT/6.18.04/x86_64-centos7-gcc48-opt/lib/libTree.so.6.18.04
#17 0x00002b6813de20ec in TBranchElement::GetEntry(long long, int) () from /cvmfs/sft.cern.ch/lcg/app/releases/ROOT/6.18.04/x86_64-centos7-gcc48-opt/lib/libTree.so.6.18.04
#18 0x00002b6813e3739e in TTree::GetEntry(long long, int) () from /cvmfs/sft.cern.ch/lcg/app/releases/ROOT/6.18.04/x86_64-centos7-gcc48-opt/lib/libTree.so.6.18.04
#19 0x00002b680682285e in ?? ()
#20 0x00000000014d1210 in ?? ()
#21 0x00002b680a717e45 in llvm::SelectionDAG::getConstant(llvm::ConstantInt const&, llvm::SDLoc const&, llvm::EVT, bool, bool) () from /cvmfs/sft.cern.ch/lcg/app/releases/ROOT/6.18.04/x86_64-centos7-gcc48-opt/lib/libCling.so
#22 0x00002b6800000000 in ?? ()
#23 0x0000000000000010 in ?? ()
#24 0x00000000012cd8e0 in ?? ()
#25 0x0000000000000000 in ?? ()
===========================================================


The lines below might hint at the cause of the crash.
You may get help by asking at the ROOT forum http://root.cern.ch/forum
Only if you are really convinced it is a bug in ROOT then please submit a
report at http://root.cern.ch/bugs Please post the ENTIRE stack trace
from above as an attachment in addition to anything else
that might help us fixing this issue.
===========================================================
#6  0x00002b6807b28ef3 in pthread_mutex_trylock () from /lib64/libpthread.so.0
#7  0x00002b6816e14f31 in CondLock (this=0x0) at /mnt/build/jenkins/ws/BUILDTYPE/Release/LABEL/ROOT-centos7/V/6-18/build/XROOTD-prefix/src/XROOTD/src/./XrdSys/XrdSysPthread.hh:170
#8  XrdCl::FileStateHandler::Tick (this=0x0, now=1630246434) at /mnt/build/jenkins/ws/BUILDTYPE/Release/LABEL/ROOT-centos7/V/6-18/build/XROOTD-prefix/src/XROOTD/src/XrdCl/XrdClFileStateHandler.cc:1509
#9  0x00002b6816e4b2bc in XrdCl::FileTimer::Run (this=0x249d330, now=1630246434) at /mnt/build/jenkins/ws/BUILDTYPE/Release/LABEL/ROOT-centos7/V/6-18/build/XROOTD-prefix/src/XROOTD/src/XrdCl/XrdClFileTimer.cc:34
#10 0x00002b6816dedffd in XrdCl::TaskManager::RunTasks (this=0x2822930) at /mnt/build/jenkins/ws/BUILDTYPE/Release/LABEL/ROOT-centos7/V/6-18/build/XROOTD-prefix/src/XROOTD/src/XrdCl/XrdClTaskManager.cc:221
#11 0x00002b6816dee1d9 in RunRunnerThread (arg=<optimized out>) at /mnt/build/jenkins/ws/BUILDTYPE/Release/LABEL/ROOT-centos7/V/6-18/build/XROOTD-prefix/src/XROOTD/src/XrdCl/XrdClTaskManager.cc:37
#12 0x00002b6807b26ea5 in start_thread () from /lib64/libpthread.so.0
#13 0x00002b6807e399fd in clone () from /lib64/libc.so.6

===========================================================



 *** Break *** segmentation violation



===========================================================
There was a crash.
This is the entire stack trace of all threads:
===========================================================

Thread 6 (Thread 0x2b6817a49700 (LWP 134)):
#0  0x00002b6807e39fd3 in epoll_wait () from /lib64/libc.so.6
#1  0x00002b681687a702 in XrdSys::IOEvents::PollE::Begin (this=0x1eeae30, syncsem=<optimized out>, retcode=<optimized out>, eTxt=<optimized out>) at /mnt/build/jenkins/ws/BUILDTYPE/Release/LABEL/ROOT-centos7/V/6-18/build/XROOTD-prefix/src/XROOTD/src/./XrdSys/XrdSysIOEventsPollE.icc:213
#2  0x00002b681687715d in XrdSys::IOEvents::BootStrap::Start (parg=0x7ffdc8339110) at /mnt/build/jenkins/ws/BUILDTYPE/Release/LABEL/ROOT-centos7/V/6-18/build/XROOTD-prefix/src/XROOTD/src/XrdSys/XrdSysIOEvents.cc:131
#3  0x00002b681687f7d7 in XrdSysThread_Xeq (myargs=0x2839590) at /mnt/build/jenkins/ws/BUILDTYPE/Release/LABEL/ROOT-centos7/V/6-18/build/XROOTD-prefix/src/XROOTD/src/XrdSys/XrdSysPthread.cc:86
#4  0x00002b6807b26ea5 in start_thread () from /lib64/libpthread.so.0
#5  0x00002b6807e399fd in clone () from /lib64/libc.so.6

Thread 5 (Thread 0x2b6817c4a700 (LWP 135)):
#0  0x00002b6807e00549 in waitpid () from /lib64/libc.so.6
#1  0x00002b6807d7df62 in do_system () from /lib64/libc.so.6
#2  0x00002b6807d7e311 in system () from /lib64/libc.so.6
#3  0x00002b6806f850c4 in TUnixSystem::StackTrace() () from /cvmfs/sft.cern.ch/lcg/app/releases/ROOT/6.18.04/x86_64-centos7-gcc48-opt/lib/libCore.so.6.18
#4  0x00002b6806f877fc in TUnixSystem::DispatchSignals(ESignals) () from /cvmfs/sft.cern.ch/lcg/app/releases/ROOT/6.18.04/x86_64-centos7-gcc48-opt/lib/libCore.so.6.18
#5  <signal handler called>
#6  0x00002b6806ef53dc in TList::Delete(char const*) () from /cvmfs/sft.cern.ch/lcg/app/releases/ROOT/6.18.04/x86_64-centos7-gcc48-opt/lib/libCore.so.6.18
#7  0x00002b68090c2660 in TFile::Close(char const*) () from /cvmfs/sft.cern.ch/lcg/app/releases/ROOT/6.18.04/x86_64-centos7-gcc48-opt/lib/libRIO.so
#8  0x00002b6806e45c40 in (anonymous namespace)::R__ListSlowClose(TList*) () from /cvmfs/sft.cern.ch/lcg/app/releases/ROOT/6.18.04/x86_64-centos7-gcc48-opt/lib/libCore.so.6.18
#9  0x00002b6806e466aa in TROOT::CloseFiles() () from /cvmfs/sft.cern.ch/lcg/app/releases/ROOT/6.18.04/x86_64-centos7-gcc48-opt/lib/libCore.so.6.18
#10 0x00002b6806e46c1c in TROOT::EndOfProcessCleanups() () from /cvmfs/sft.cern.ch/lcg/app/releases/ROOT/6.18.04/x86_64-centos7-gcc48-opt/lib/libCore.so.6.18
#11 0x00002b6806f81e41 in TUnixSystem::Exit(int, bool) () from /cvmfs/sft.cern.ch/lcg/app/releases/ROOT/6.18.04/x86_64-centos7-gcc48-opt/lib/libCore.so.6.18
#12 0x00002b6806e537f0 in TApplication::Terminate(int) () from /cvmfs/sft.cern.ch/lcg/app/releases/ROOT/6.18.04/x86_64-centos7-gcc48-opt/lib/libCore.so.6.18
#13 0x00002b6806a2b801 in TRint::Run(bool) () from /cvmfs/sft.cern.ch/lcg/app/releases/ROOT/6.18.04/x86_64-centos7-gcc48-opt/lib/libRint.so.6.18
#14 0x00000000004008ea in main ()

Thread 4 (Thread 0x2b6817e4b700 (LWP 136)):
#0  0x00002b6807e33d19 in syscall () from /lib64/libc.so.6
#1  0x00002b6816e4afc0 in Wait (this=0x26e40d0) at /mnt/build/jenkins/ws/BUILDTYPE/Release/LABEL/ROOT-centos7/V/6-18/build/XROOTD-prefix/src/XROOTD/src/./XrdSys/XrdSysLinuxSemaphore.hh:161
#2  Get (this=0x2823978) at /mnt/build/jenkins/ws/BUILDTYPE/Release/LABEL/ROOT-centos7/V/6-18/build/XROOTD-prefix/src/XROOTD/src/./XrdCl/XrdClSyncQueue.hh:67
#3  XrdCl::JobManager::RunJobs (this=0x2823960) at /mnt/build/jenkins/ws/BUILDTYPE/Release/LABEL/ROOT-centos7/V/6-18/build/XROOTD-prefix/src/XROOTD/src/XrdCl/XrdClJobManager.cc:146
#4  0x00002b6816e4b159 in RunRunnerThread (arg=<optimized out>) at /mnt/build/jenkins/ws/BUILDTYPE/Release/LABEL/ROOT-centos7/V/6-18/build/XROOTD-prefix/src/XROOTD/src/XrdCl/XrdClJobManager.cc:33
#5  0x00002b6807b26ea5 in start_thread () from /lib64/libpthread.so.0
#6  0x00002b6807e399fd in clone () from /lib64/libc.so.6

Thread 3 (Thread 0x2b681804c700 (LWP 137)):
#0  0x00002b6807e33d19 in syscall () from /lib64/libc.so.6
#1  0x00002b6816e4afc0 in Wait (this=0x26e40d0) at /mnt/build/jenkins/ws/BUILDTYPE/Release/LABEL/ROOT-centos7/V/6-18/build/XROOTD-prefix/src/XROOTD/src/./XrdSys/XrdSysLinuxSemaphore.hh:161
#2  Get (this=0x2823978) at /mnt/build/jenkins/ws/BUILDTYPE/Release/LABEL/ROOT-centos7/V/6-18/build/XROOTD-prefix/src/XROOTD/src/./XrdCl/XrdClSyncQueue.hh:67
#3  XrdCl::JobManager::RunJobs (this=0x2823960) at /mnt/build/jenkins/ws/BUILDTYPE/Release/LABEL/ROOT-centos7/V/6-18/build/XROOTD-prefix/src/XROOTD/src/XrdCl/XrdClJobManager.cc:146
#4  0x00002b6816e4b159 in RunRunnerThread (arg=<optimized out>) at /mnt/build/jenkins/ws/BUILDTYPE/Release/LABEL/ROOT-centos7/V/6-18/build/XROOTD-prefix/src/XROOTD/src/XrdCl/XrdClJobManager.cc:33
#5  0x00002b6807b26ea5 in start_thread () from /lib64/libpthread.so.0
#6  0x00002b6807e399fd in clone () from /lib64/libc.so.6

Thread 2 (Thread 0x2b681824d700 (LWP 138)):
#0  0x00002b6807e33d19 in syscall () from /lib64/libc.so.6
#1  0x00002b6816e4afc0 in Wait (this=0x26e40d0) at /mnt/build/jenkins/ws/BUILDTYPE/Release/LABEL/ROOT-centos7/V/6-18/build/XROOTD-prefix/src/XROOTD/src/./XrdSys/XrdSysLinuxSemaphore.hh:161
#2  Get (this=0x2823978) at /mnt/build/jenkins/ws/BUILDTYPE/Release/LABEL/ROOT-centos7/V/6-18/build/XROOTD-prefix/src/XROOTD/src/./XrdCl/XrdClSyncQueue.hh:67
#3  XrdCl::JobManager::RunJobs (this=0x2823960) at /mnt/build/jenkins/ws/BUILDTYPE/Release/LABEL/ROOT-centos7/V/6-18/build/XROOTD-prefix/src/XROOTD/src/XrdCl/XrdClJobManager.cc:146
#4  0x00002b6816e4b159 in RunRunnerThread (arg=<optimized out>) at /mnt/build/jenkins/ws/BUILDTYPE/Release/LABEL/ROOT-centos7/V/6-18/build/XROOTD-prefix/src/XROOTD/src/XrdCl/XrdClJobManager.cc:33
#5  0x00002b6807b26ea5 in start_thread () from /lib64/libpthread.so.0
#6  0x00002b6807e399fd in clone () from /lib64/libc.so.6

Thread 1 (Thread 0x2b68068403c0 (LWP 110)):
#0  0x00002b6807dcaaa0 in __memset_sse2 () from /lib64/libc.so.6
#1  0x00002b680917aac9 in int TStreamerInfoActions::VectorLooper::ReadCollectionBasicType<unsigned int>(TBuffer&, void*, TStreamerInfoActions::TConfiguration const*) () from /cvmfs/sft.cern.ch/lcg/app/releases/ROOT/6.18.04/x86_64-centos7-gcc48-opt/lib/libRIO.so
#2  0x00002b68090692e5 in TBufferFile::ApplySequence(TStreamerInfoActions::TActionSequence const&, void*) () from /cvmfs/sft.cern.ch/lcg/app/releases/ROOT/6.18.04/x86_64-centos7-gcc48-opt/lib/libRIO.so
#3  0x00002b6809067d7b in TBufferFile::ReadClassBuffer(TClass const*, void*, TClass const*) () from /cvmfs/sft.cern.ch/lcg/app/releases/ROOT/6.18.04/x86_64-centos7-gcc48-opt/lib/libRIO.so
#4  0x00002b68092a2a60 in int TStreamerInfo::ReadBuffer<char**>(TBuffer&, char** const&, TStreamerInfo::TCompInfo* const*, int, int, int, int, int) () from /cvmfs/sft.cern.ch/lcg/app/releases/ROOT/6.18.04/x86_64-centos7-gcc48-opt/lib/libRIO.so
#5  0x00002b680910f29d in TStreamerInfoActions::GenericReadAction(TBuffer&, void*, TStreamerInfoActions::TConfiguration const*) () from /cvmfs/sft.cern.ch/lcg/app/releases/ROOT/6.18.04/x86_64-centos7-gcc48-opt/lib/libRIO.so
#6  0x00002b68090692e5 in TBufferFile::ApplySequence(TStreamerInfoActions::TActionSequence const&, void*) () from /cvmfs/sft.cern.ch/lcg/app/releases/ROOT/6.18.04/x86_64-centos7-gcc48-opt/lib/libRIO.so
#7  0x00002b6809067d7b in TBufferFile::ReadClassBuffer(TClass const*, void*, TClass const*) () from /cvmfs/sft.cern.ch/lcg/app/releases/ROOT/6.18.04/x86_64-centos7-gcc48-opt/lib/libRIO.so
#8  0x00002b68092a2a60 in int TStreamerInfo::ReadBuffer<char**>(TBuffer&, char** const&, TStreamerInfo::TCompInfo* const*, int, int, int, int, int) () from /cvmfs/sft.cern.ch/lcg/app/releases/ROOT/6.18.04/x86_64-centos7-gcc48-opt/lib/libRIO.so
#9  0x00002b68092a27c9 in int TStreamerInfo::ReadBuffer<char**>(TBuffer&, char** const&, TStreamerInfo::TCompInfo* const*, int, int, int, int, int) () from /cvmfs/sft.cern.ch/lcg/app/releases/ROOT/6.18.04/x86_64-centos7-gcc48-opt/lib/libRIO.so
#10 0x00002b6809146d09 in TStreamerInfoActions::VectorLooper::ReadBase(TBuffer&, void*, void const*, TStreamerInfoActions::TLoopConfiguration const*, TStreamerInfoActions::TConfiguration const*) () from /cvmfs/sft.cern.ch/lcg/app/releases/ROOT/6.18.04/x86_64-centos7-gcc48-opt/lib/libRIO.so
#11 0x00002b68090683ec in TBufferFile::ApplySequence(TStreamerInfoActions::TActionSequence const&, void*, void*) () from /cvmfs/sft.cern.ch/lcg/app/releases/ROOT/6.18.04/x86_64-centos7-gcc48-opt/lib/libRIO.so
#12 0x00002b680919a089 in int TStreamerInfoActions::ReadSTL<&TStreamerInfoActions::ReadSTLMemberWiseSameClass, &TStreamerInfoActions::ReadSTLObjectWiseFastArray>(TBuffer&, void*, TStreamerInfoActions::TConfiguration const*) () from /cvmfs/sft.cern.ch/lcg/app/releases/ROOT/6.18.04/x86_64-centos7-gcc48-opt/lib/libRIO.so
#13 0x00002b68090692e5 in TBufferFile::ApplySequence(TStreamerInfoActions::TActionSequence const&, void*) () from /cvmfs/sft.cern.ch/lcg/app/releases/ROOT/6.18.04/x86_64-centos7-gcc48-opt/lib/libRIO.so
#14 0x00002b6813dd8d09 in TBranchElement::ReadLeavesMember(TBuffer&) () from /cvmfs/sft.cern.ch/lcg/app/releases/ROOT/6.18.04/x86_64-centos7-gcc48-opt/lib/libTree.so.6.18.04
#15 0x00002b6813dd3971 in TBranch::GetEntry(long long, int) () from /cvmfs/sft.cern.ch/lcg/app/releases/ROOT/6.18.04/x86_64-centos7-gcc48-opt/lib/libTree.so.6.18.04
#16 0x00002b6813de2138 in TBranchElement::GetEntry(long long, int) () from /cvmfs/sft.cern.ch/lcg/app/releases/ROOT/6.18.04/x86_64-centos7-gcc48-opt/lib/libTree.so.6.18.04
#17 0x00002b6813de20ec in TBranchElement::GetEntry(long long, int) () from /cvmfs/sft.cern.ch/lcg/app/releases/ROOT/6.18.04/x86_64-centos7-gcc48-opt/lib/libTree.so.6.18.04
#18 0x00002b6813e3739e in TTree::GetEntry(long long, int) () from /cvmfs/sft.cern.ch/lcg/app/releases/ROOT/6.18.04/x86_64-centos7-gcc48-opt/lib/libTree.so.6.18.04
#19 0x00002b680682285e in ?? ()
#20 0x00000000014d1210 in ?? ()
#21 0x00002b680a717e45 in llvm::SelectionDAG::getConstant(llvm::ConstantInt const&, llvm::SDLoc const&, llvm::EVT, bool, bool) () from /cvmfs/sft.cern.ch/lcg/app/releases/ROOT/6.18.04/x86_64-centos7-gcc48-opt/lib/libCling.so
#22 0x00002b6800000000 in ?? ()
#23 0x0000000000000010 in ?? ()
#24 0x00000000012cd8e0 in ?? ()
#25 0x0000000000000000 in ?? ()
===========================================================


The lines below might hint at the cause of the crash.
You may get help by asking at the ROOT forum http://root.cern.ch/forum
Only if you are really convinced it is a bug in ROOT then please submit a
report at http://root.cern.ch/bugs Please post the ENTIRE stack trace
from above as an attachment in addition to anything else
that might help us fixing this issue.
===========================================================
#6  0x00002b6806ef53dc in TList::Delete(char const*) () from /cvmfs/sft.cern.ch/lcg/app/releases/ROOT/6.18.04/x86_64-centos7-gcc48-opt/lib/libCore.so.6.18
#7  0x00002b68090c2660 in TFile::Close(char const*) () from /cvmfs/sft.cern.ch/lcg/app/releases/ROOT/6.18.04/x86_64-centos7-gcc48-opt/lib/libRIO.so
#8  0x00002b6806e45c40 in (anonymous namespace)::R__ListSlowClose(TList*) () from /cvmfs/sft.cern.ch/lcg/app/releases/ROOT/6.18.04/x86_64-centos7-gcc48-opt/lib/libCore.so.6.18
#9  0x00002b6806e466aa in TROOT::CloseFiles() () from /cvmfs/sft.cern.ch/lcg/app/releases/ROOT/6.18.04/x86_64-centos7-gcc48-opt/lib/libCore.so.6.18
#10 0x00002b6806e46c1c in TROOT::EndOfProcessCleanups() () from /cvmfs/sft.cern.ch/lcg/app/releases/ROOT/6.18.04/x86_64-centos7-gcc48-opt/lib/libCore.so.6.18
#11 0x00002b6806f81e41 in TUnixSystem::Exit(int, bool) () from /cvmfs/sft.cern.ch/lcg/app/releases/ROOT/6.18.04/x86_64-centos7-gcc48-opt/lib/libCore.so.6.18
#12 0x00002b6806e537f0 in TApplication::Terminate(int) () from /cvmfs/sft.cern.ch/lcg/app/releases/ROOT/6.18.04/x86_64-centos7-gcc48-opt/lib/libCore.so.6.18
#13 0x00002b6806a2b801 in TRint::Run(bool) () from /cvmfs/sft.cern.ch/lcg/app/releases/ROOT/6.18.04/x86_64-centos7-gcc48-opt/lib/libRint.so.6.18
#14 0x00000000004008ea in main ()

===========================================================


Warning in <TClass::Init>: no dictionary for class edm::Hash<1> is available
Warning in <TClass::Init>: no dictionary for class edm::ProcessHistory is available
Warning in <TClass::Init>: no dictionary for class edm::ProcessConfiguration is available
Warning in <TClass::Init>: no dictionary for class edm::ParameterSetBlob is available
Warning in <TClass::Init>: no dictionary for class __pair_base<edm::Hash<1>,edm::ParameterSetBlob> is available
Warning in <TClass::Init>: no dictionary for class pair<edm::Hash<1>,edm::ParameterSetBlob> is available
Error in <TNetXNGFile::Open>: [ERROR] Server responded with an error: [3022] Invalid argument

210824 09:13:29 134 secgsi_GetCACheck: CRL entry for 'c141eb07.0:1' needs refreshing: clean the related entry cache first (0x2aff5422c620)
210825 02:55:51 134 secgsi_GetCACheck: CRL entry for '14e86c33.0:1' needs refreshing: clean the related entry cache first (0x2aff5421b2f0)
Warning in <TClass::Init>: no dictionary for class edm::Hash<1> is available
Warning in <TClass::Init>: no dictionary for class edm::ProcessHistory is available
Warning in <TClass::Init>: no dictionary for class edm::ProcessConfiguration is available
Warning in <TClass::Init>: no dictionary for class edm::ParameterSetBlob is available
Warning in <TClass::Init>: no dictionary for class __pair_base<edm::Hash<1>,edm::ParameterSetBlob> is available
Warning in <TClass::Init>: no dictionary for class pair<edm::Hash<1>,edm::ParameterSetBlob> is available
Error in <TNetXNGFile::Open>: [ERROR] Server responded with an error: [3022] Invalid argument

Error in <TNetXNGFile::Open>: [ERROR] Server responded with an error: [3022] Invalid argument

Error in <TNetXNGFile::Open>: [ERROR] Server responded with an error: [3006] tried hosts option not supported.

210824 07:14:56 134 secgsi_GetCACheck: CRL entry for 'dd4b34ea.0:1' needs refreshing: clean the related entry cache first (0x2b570037c330)
210824 08:51:05 134 secgsi_GetCACheck: CRL entry for 'c141eb07.0:1' needs refreshing: clean the related entry cache first (0x2b5700573c70)
210824 13:02:13 134 secgsi_GetCACheck: CRL entry for '5e02f50a.0:1' needs refreshing: clean the related entry cache first (0x2b5700372dc0)
210824 14:19:57 134 secgsi_GetCACheck: CRL entry for '633dc6a4.0:1' needs refreshing: clean the related entry cache first (0x2b570056b500)
210824 14:32:49 134 secgsi_GetCACheck: CRL entry for '14e86c33.0:1' needs refreshing: clean the related entry cache first (0x2b570036a3a0)
210824 15:23:02 134 secgsi_GetCACheck: CRL entry for '530f7122.0:1' needs refreshing: clean the related entry cache first (0x2b5700028bb0)
210824 21:43:04 134 secgsi_GetCACheck: CRL entry for '7ecb2657.0:1' needs refreshing: clean the related entry cache first (0x2b5700472da0)
Warning in <TClass::Init>: no dictionary for class edm::Hash<1> is available
Warning in <TClass::Init>: no dictionary for class edm::ProcessHistory is available
Warning in <TClass::Init>: no dictionary for class edm::ProcessConfiguration is available
Warning in <TClass::Init>: no dictionary for class edm::ParameterSetBlob is available
Warning in <TClass::Init>: no dictionary for class __pair_base<edm::Hash<1>,edm::ParameterSetBlob> is available
Warning in <TClass::Init>: no dictionary for class pair<edm::Hash<1>,edm::ParameterSetBlob> is available
Error in <TNetXNGFile::Open>: [ERROR] Server responded with an error: [3022] Invalid argument

Error in <TNetXNGFile::Open>: [ERROR] Server responded with an error: [3022] Invalid argument

Error in <TNetXNGFile::Open>: [ERROR] Server responded with an error: [3022] Invalid argument

Error in <TNetXNGFile::Open>: [ERROR] Server responded with an error: [3022] Invalid argument

Error in <TNetXNGFile::Open>: [ERROR] Server responded with an error: [3022] Invalid argument

Error in <TNetXNGFile::Open>: [ERROR] Server responded with an error: [3022] Invalid argument

Error in <TNetXNGFile::Open>: [ERROR] Server responded with an error: [3022] Invalid argument

Warning in <TClass::Init>: no dictionary for class edm::Hash<1> is available
Warning in <TClass::Init>: no dictionary for class edm::ProcessHistory is available
Warning in <TClass::Init>: no dictionary for class edm::ProcessConfiguration is available
Warning in <TClass::Init>: no dictionary for class edm::ParameterSetBlob is available
Warning in <TClass::Init>: no dictionary for class __pair_base<edm::Hash<1>,edm::ParameterSetBlob> is available
Warning in <TClass::Init>: no dictionary for class pair<edm::Hash<1>,edm::ParameterSetBlob> is available
Error in <TNetXNGFile::Open>: [ERROR] Server responded with an error: [3022] Invalid argument

Error in <TNetXNGFile::Open>: [ERROR] Server responded with an error: [3022] Invalid argument

Error in <TNetXNGFile::Open>: [ERROR] Server responded with an error: [3022] Invalid argument

Warning in <TClass::Init>: no dictionary for class edm::Hash<1> is available
Warning in <TClass::Init>: no dictionary for class edm::ProcessHistory is available
Warning in <TClass::Init>: no dictionary for class edm::ProcessConfiguration is available
Warning in <TClass::Init>: no dictionary for class edm::ParameterSetBlob is available
Warning in <TClass::Init>: no dictionary for class __pair_base<edm::Hash<1>,edm::ParameterSetBlob> is available
Warning in <TClass::Init>: no dictionary for class pair<edm::Hash<1>,edm::ParameterSetBlob> is available
Error in <TNetXNGFile::Open>: [ERROR] Server responded with an error: [3022] Invalid argument

Error in <TNetXNGFile::Open>: [ERROR] Server responded with an error: [3022] Invalid argument

Error in <TNetXNGFile::Open>: [ERROR] Server responded with an error: [3022] Invalid argument

Error in <TNetXNGFile::Open>: [ERROR] Server responded with an error: [3022] Invalid argument

Error in <TNetXNGFile::Open>: [ERROR] Server responded with an error: [3022] Invalid argument

Error in <TNetXNGFile::Open>: [ERROR] Server responded with an error: [3022] Invalid argument

Error in <TNetXNGFile::Open>: [ERROR] Server responded with an error: [3022] Invalid argument

Error in <TNetXNGFile::Open>: [ERROR] Server responded with an error: [3022] Invalid argument

Error in <TNetXNGFile::Open>: [ERROR] Server responded with an error: [3022] Invalid argument

Error in <TNetXNGFile::Open>: [ERROR] Server responded with an error: [3022] Invalid argument

Error in <TNetXNGFile::Open>: [ERROR] Server responded with an error: [3022] Invalid argument

Error in <TNetXNGFile::Open>: [ERROR] Server responded with an error: [3022] Invalid argument

Error in <TNetXNGFile::Open>: [ERROR] Server responded with an error: [3022] Invalid argument

Error in <TNetXNGFile::Open>: [ERROR] Server responded with an error: [3022] Invalid argument

Error in <TNetXNGFile::Open>: [ERROR] Server responded with an error: [3022] Invalid argument

Error in <TNetXNGFile::Open>: [ERROR] Server responded with an error: [3022] Invalid argument

Error in <TNetXNGFile::Open>: [ERROR] Server responded with an error: [3022] Invalid argument

Error in <TNetXNGFile::Open>: [ERROR] Server responded with an error: [3022] Invalid argument

Error in <TNetXNGFile::Open>: [ERROR] Server responded with an error: [3022] Invalid argument

Error in <TNetXNGFile::Open>: [ERROR] Server responded with an error: [3022] Invalid argument

Error in <TNetXNGFile::Open>: [ERROR] Server responded with an error: [3022] Invalid argument

Error in <TNetXNGFile::Open>: [ERROR] Server responded with an error: [3022] Invalid argument

Error in <TNetXNGFile::Open>: [ERROR] Server responded with an error: [3022] Invalid argument

Error in <TNetXNGFile::Open>: [ERROR] Server responded with an error: [3022] Invalid argument

Error in <TNetXNGFile::Open>: [ERROR] Server responded with an error: [3022] Invalid argument

Error in <TNetXNGFile::Open>: [ERROR] Server responded with an error: [3022] Invalid argument

Error in <TNetXNGFile::Open>: [ERROR] Server responded with an error: [3022] Invalid argument

Error in <TNetXNGFile::Open>: [ERROR] Server responded with an error: [3022] Invalid argument

Error in <TNetXNGFile::Open>: [ERROR] Server responded with an error: [3022] Invalid argument

Error in <TNetXNGFile::Open>: [ERROR] Server responded with an error: [3022] Invalid argument

Error in <TNetXNGFile::Open>: [ERROR] Server responded with an error: [3022] Invalid argument

Error in <TNetXNGFile::Open>: [ERROR] Server responded with an error: [3022] Invalid argument

Error in <TNetXNGFile::Open>: [ERROR] Server responded with an error: [3022] Invalid argument

Error in <TNetXNGFile::Open>: [ERROR] Server responded with an error: [3022] Invalid argument

Error in <TNetXNGFile::Open>: [ERROR] Server responded with an error: [3022] Invalid argument

Error in <TNetXNGFile::Open>: [ERROR] Server responded with an error: [3022] Invalid argument

Error in <TNetXNGFile::Open>: [ERROR] Server responded with an error: [3022] Invalid argument

Error in <TNetXNGFile::Open>: [ERROR] Server responded with an error: [3022] Invalid argument

Error in <TNetXNGFile::Open>: [ERROR] Server responded with an error: [3022] Invalid argument

Error in <TNetXNGFile::Open>: [ERROR] Server responded with an error: [3022] Invalid argument

Error in <TNetXNGFile::Open>: [ERROR] Server responded with an error: [3022] Invalid argument

Error in <TNetXNGFile::Open>: [ERROR] Server responded with an error: [3022] Invalid argument

Error in <TNetXNGFile::Open>: [ERROR] Server responded with an error: [3022] Invalid argument

Error in <TNetXNGFile::Open>: [ERROR] Server responded with an error: [3022] Invalid argument

Error in <TNetXNGFile::Open>: [ERROR] Server responded with an error: [3022] Invalid argument

Error in <TNetXNGFile::Open>: [ERROR] Server responded with an error: [3022] Invalid argument

Error in <TNetXNGFile::Open>: [ERROR] Server responded with an error: [3022] Invalid argument

Error in <TNetXNGFile::Open>: [ERROR] Server responded with an error: [3022] Invalid argument

Error in <TNetXNGFile::Open>: [ERROR] Server responded with an error: [3022] Invalid argument

Error in <TNetXNGFile::Open>: [ERROR] Server responded with an error: [3022] Invalid argument

Error in <TNetXNGFile::Open>: [ERROR] Server responded with an error: [3022] Invalid argument

Error in <TNetXNGFile::Open>: [ERROR] Server responded with an error: [3022] Invalid argument

Error in <TNetXNGFile::Open>: [ERROR] Server responded with an error: [3022] Invalid argument

Error in <TNetXNGFile::Open>: [ERROR] Server responded with an error: [3022] Invalid argument

Error in <TNetXNGFile::Open>: [ERROR] Server responded with an error: [3022] Invalid argument

Error in <TNetXNGFile::Open>: [ERROR] Server responded with an error: [3022] Invalid argument

Error in <TNetXNGFile::Open>: [ERROR] Server responded with an error: [3022] Invalid argument

Error in <TNetXNGFile::Open>: [ERROR] Server responded with an error: [3022] Invalid argument

Error in <TNetXNGFile::Open>: [ERROR] Server responded with an error: [3022] Invalid argument

Error in <TNetXNGFile::Open>: [ERROR] Server responded with an error: [3022] Invalid argument

Error in <TNetXNGFile::Open>: [ERROR] Server responded with an error: [3022] Invalid argument

Error in <TNetXNGFile::Open>: [ERROR] Server responded with an error: [3022] Invalid argument

Error in <TNetXNGFile::Open>: [ERROR] Server responded with an error: [3022] Invalid argument

Error in <TNetXNGFile::Open>: [ERROR] Server responded with an error: [3022] Invalid argument

Error in <TNetXNGFile::Open>: [ERROR] Server responded with an error: [3022] Invalid argument

Error in <TNetXNGFile::Open>: [ERROR] Server responded with an error: [3022] Invalid argument

Error in <TNetXNGFile::Open>: [ERROR] Server responded with an error: [3022] Invalid argument

Error in <TNetXNGFile::Open>: [ERROR] Server responded with an error: [3022] Invalid argument

Error in <TNetXNGFile::Open>: [ERROR] Server responded with an error: [3022] Invalid argument

Error in <TNetXNGFile::Open>: [ERROR] Server responded with an error: [3022] Invalid argument

210824 11:23:59 134 secgsi_GetCACheck: CRL entry for 'dd4b34ea.0:1' needs refreshing: clean the related entry cache first (0x2b7dd81dafd0)
Warning in <TClass::Init>: no dictionary for class edm::Hash<1> is available
Warning in <TClass::Init>: no dictionary for class edm::ProcessHistory is available
Warning in <TClass::Init>: no dictionary for class edm::ProcessConfiguration is available
Warning in <TClass::Init>: no dictionary for class edm::ParameterSetBlob is available
Warning in <TClass::Init>: no dictionary for class __pair_base<edm::Hash<1>,edm::ParameterSetBlob> is available
Warning in <TClass::Init>: no dictionary for class pair<edm::Hash<1>,edm::ParameterSetBlob> is available
210827 20:38:12 134 secgsi_GetCACheck: CRL entry for '8a21c0da.0:1' needs refreshing: clean the related entry cache first (0x2b9f8c028be0)
210828 21:29:36 134 secgsi_GetCACheck: CRL entry for '5e02f50a.0:1' needs refreshing: clean the related entry cache first (0x2b9f8c004b20)
210828 22:39:45 134 secgsi_GetCACheck: CRL entry for '8a21c0da.0:1' needs refreshing: clean the related entry cache first (0x2b9f8c028be0)
210829 06:50:56 134 secgsi_GetCACheck: CRL entry for 'ffc3d59b.0:1' needs refreshing: clean the related entry cache first (0x2b9f8c05beb0)
210829 07:46:58 134 secgsi_GetCACheck: CRL entry for '530f7122.0:1' needs refreshing: clean the related entry cache first (0x2b9f8c1f5410)
Error in <TNetXNGFile::Open>: [ERROR] Server responded with an error: [3022] Invalid argument

210829 07:46:59 134 secgsi_GetCACheck: CRL entry for 'c141eb07.0:1' needs refreshing: clean the related entry cache first (0x2b9f8c38c820)
Error in <TNetXNGFile::Open>: [ERROR] Server responded with an error: [3022] Invalid argument

Warning in <TClass::Init>: no dictionary for class edm::Hash<1> is available
Warning in <TClass::Init>: no dictionary for class edm::ProcessHistory is available
Warning in <TClass::Init>: no dictionary for class edm::ProcessConfiguration is available
Warning in <TClass::Init>: no dictionary for class edm::ParameterSetBlob is available
Warning in <TClass::Init>: no dictionary for class __pair_base<edm::Hash<1>,edm::ParameterSetBlob> is available
Warning in <TClass::Init>: no dictionary for class pair<edm::Hash<1>,edm::ParameterSetBlob> is available
Error in <TNetXNGFile::Open>: [ERROR] Server responded with an error: [3022] Invalid argument

Error in <TNetXNGFile::Open>: [ERROR] Server responded with an error: [3022] Invalid argument

Error in <TNetXNGFile::Open>: [ERROR] Server responded with an error: [3022] Invalid argument

Error in <TNetXNGFile::Open>: [ERROR] Server responded with an error: [3022] Invalid argument

Error in <TNetXNGFile::Open>: [ERROR] Server responded with an error: [3022] Invalid argument

Error in <TNetXNGFile::Open>: [ERROR] Server responded with an error: [3022] Invalid argument

Error in <TNetXNGFile::Open>: [ERROR] Server responded with an error: [3022] Invalid argument

Error in <TNetXNGFile::Open>: [ERROR] Server responded with an error: [3022] Invalid argument

Error in <TNetXNGFile::Open>: [ERROR] Server responded with an error: [3022] Invalid argument

Error in <TNetXNGFile::Open>: [ERROR] Server responded with an error: [3022] Invalid argument

Error in <TNetXNGFile::Open>: [ERROR] Server responded with an error: [3022] Invalid argument

Error in <TNetXNGFile::Open>: [ERROR] Server responded with an error: [3022] Invalid argument

Error in <TNetXNGFile::Open>: [ERROR] Server responded with an error: [3022] Invalid argument

Error in <TNetXNGFile::Open>: [ERROR] Server responded with an error: [3022] Invalid argument

Error in <TNetXNGFile::Open>: [ERROR] Server responded with an error: [3022] Invalid argument

Error in <TNetXNGFile::Open>: [ERROR] Server responded with an error: [3022] Invalid argument

Error in <TNetXNGFile::Open>: [ERROR] Server responded with an error: [3022] Invalid argument

Error in <TNetXNGFile::Open>: [ERROR] Server responded with an error: [3022] Invalid argument

Error in <TNetXNGFile::Open>: [ERROR] Server responded with an error: [3022] Invalid argument

Error in <TNetXNGFile::Open>: [ERROR] Server responded with an error: [3022] Invalid argument

Error in <TNetXNGFile::Open>: [ERROR] Server responded with an error: [3022] Invalid argument

Error in <TNetXNGFile::Open>: [ERROR] Server responded with an error: [3022] Invalid argument

Error in <TNetXNGFile::Open>: [ERROR] Server responded with an error: [3022] Invalid argument

Error in <TNetXNGFile::Open>: [ERROR] Server responded with an error: [3022] Invalid argument

Error in <TNetXNGFile::Open>: [ERROR] Server responded with an error: [3022] Invalid argument

Error in <TNetXNGFile::Open>: [ERROR] Server responded with an error: [3022] Invalid argument

Error in <TNetXNGFile::Open>: [ERROR] Server responded with an error: [3022] Invalid argument

Error in <TNetXNGFile::Open>: [ERROR] Server responded with an error: [3022] Invalid argument

Error in <TNetXNGFile::Open>: [ERROR] Server responded with an error: [3022] Invalid argument

Error in <TNetXNGFile::Open>: [ERROR] Server responded with an error: [3022] Invalid argument

Error in <TNetXNGFile::Open>: [ERROR] Server responded with an error: [3022] Invalid signature hash length

Error in <TNetXNGFile::Open>: [ERROR] Server responded with an error: [3022] Invalid argument

Error in <TNetXNGFile::Open>: [ERROR] Server responded with an error: [3022] Invalid argument

Error in <TNetXNGFile::Open>: [ERROR] Server responded with an error: [3022] Invalid argument

Error in <TNetXNGFile::Open>: [ERROR] Server responded with an error: [3022] Invalid argument

Error in <TNetXNGFile::Open>: [ERROR] Server responded with an error: [3022] Invalid argument

Error in <TNetXNGFile::Open>: [ERROR] Server responded with an error: [3022] Invalid argument

Error in <TNetXNGFile::Open>: [ERROR] Server responded with an error: [3022] Invalid argument

Error in <TNetXNGFile::Open>: [ERROR] Server responded with an error: [3022] Invalid argument

Error in <TNetXNGFile::Open>: [ERROR] Server responded with an error: [3022] Invalid argument

Error in <TNetXNGFile::Open>: [ERROR] Server responded with an error: [3022] Invalid argument

210827 21:34:07 134 secgsi_GetCACheck: CRL entry for '8a21c0da.0:1' needs refreshing: clean the related entry cache first (0x2b836c1e26c0)
210828 12:15:37 134 secgsi_GetCACheck: CRL entry for '55994d72.0:1' needs refreshing: clean the related entry cache first (0x2b836c1fca00)
210828 19:29:07 134 secgsi_GetCACheck: CRL entry for '530f7122.0:1' needs refreshing: clean the related entry cache first (0x2b836c028b70)
Warning in <TClass::Init>: no dictionary for class edm::Hash<1> is available
Warning in <TClass::Init>: no dictionary for class edm::ProcessHistory is available
Warning in <TClass::Init>: no dictionary for class edm::ProcessConfiguration is available
Warning in <TClass::Init>: no dictionary for class edm::ParameterSetBlob is available
Warning in <TClass::Init>: no dictionary for class __pair_base<edm::Hash<1>,edm::ParameterSetBlob> is available
Warning in <TClass::Init>: no dictionary for class pair<edm::Hash<1>,edm::ParameterSetBlob> is available
210824 07:26:42 134 secgsi_GetCACheck: CRL entry for '14e86c33.0:1' needs refreshing: clean the related entry cache first (0x2b7940028cb0)
210825 07:29:20 134 secgsi_GetCACheck: CRL entry for '14e86c33.0:1' needs refreshing: clean the related entry cache first (0x2b7940028cb0)
210825 09:44:58 134 secgsi_GetCACheck: CRL entry for '8a21c0da.0:1' needs refreshing: clean the related entry cache first (0x2b79401d8530)
210825 14:53:05 134 secgsi_GetCACheck: CRL entry for 'dd4b34ea.0:1' needs refreshing: clean the related entry cache first (0x2b79401ef2b0)
Warning in <TClass::Init>: no dictionary for class edm::Hash<1> is available
Warning in <TClass::Init>: no dictionary for class edm::ProcessHistory is available
Warning in <TClass::Init>: no dictionary for class edm::ProcessConfiguration is available
Warning in <TClass::Init>: no dictionary for class edm::ParameterSetBlob is available
Warning in <TClass::Init>: no dictionary for class __pair_base<edm::Hash<1>,edm::ParameterSetBlob> is available
Warning in <TClass::Init>: no dictionary for class pair<edm::Hash<1>,edm::ParameterSetBlob> is available
210824 07:55:02 134 secgsi_GetCACheck: CRL entry for '14e86c33.0:1' needs refreshing: clean the related entry cache first (0x2b8f2411fac0)
Warning in <TClass::Init>: no dictionary for class edm::Hash<1> is available
Warning in <TClass::Init>: no dictionary for class edm::ProcessHistory is available
Warning in <TClass::Init>: no dictionary for class edm::ProcessConfiguration is available
Warning in <TClass::Init>: no dictionary for class edm::ParameterSetBlob is available
Warning in <TClass::Init>: no dictionary for class __pair_base<edm::Hash<1>,edm::ParameterSetBlob> is available
Warning in <TClass::Init>: no dictionary for class pair<edm::Hash<1>,edm::ParameterSetBlob> is available
210827 22:28:19 134 secgsi_GetCACheck: CRL entry for '6999cae3.0:1' needs refreshing: clean the related entry cache first (0x2ba26c028bb0)
210828 05:05:38 134 secgsi_GetCACheck: CRL entry for '530f7122.0:1' needs refreshing: clean the related entry cache first (0x2ba26c065180)
210828 22:05:24 134 secgsi_GetCACheck: CRL entry for '633dc6a4.0:1' needs refreshing: clean the related entry cache first (0x2ba26c2042c0)
